<?xml version="1.0" encoding="UTF-8"?>
<!-- Generated by org.testng.reporters.JUnitXMLReporter -->
<testsuite ignored="0" hostname="Bloomlync-Qa" failures="0" tests="5" name="DolbyTest" time="6.768" errors="0" timestamp="2024-08-05T22:20:28 IST">
  <testcase classname="tests.VideoPlatformDolbyBookingTest" name="@BeforeClass setUp" time="6.485">
    <failure type="org.openqa.selenium.SessionNotCreatedException" message="session not created: This version of ChromeDriver only supports Chrome version 114
Current browser version is 127.0.6533.89 with binary path C:\Program Files\Google\Chrome\Application\chrome.exe
Build info: version: &amp;apos;3.141.59&amp;apos;, revision: &amp;apos;e82be7d358&amp;apos;, time: &amp;apos;2018-11-14T08:17:03&amp;apos;
System info: host: &amp;apos;BLOOMLYNC-QA&amp;apos;, ip: &amp;apos;192.168.0.118&amp;apos;, os.name: &amp;apos;Windows 11&amp;apos;, os.arch: &amp;apos;amd64&amp;apos;, os.version: &amp;apos;10.0&amp;apos;, java.version: &amp;apos;21.0.3&amp;apos;
Driver info: driver.version: ChromeDriver
remote stacktrace: Backtrace:
	GetHandleVerifier [0x00BCA813+48355]
	(No symbol) [0x00B5C4B1]
	(No symbol) [0x00A65358]
	(No symbol) [0x00A861AC]
	(No symbol) [0x00A81EF3]
	(No symbol) [0x00A80579]
	(No symbol) [0x00AB0C55]
	(No symbol) [0x00AB093C]
	(No symbol) [0x00AAA536]
	(No symbol) [0x00A882DC]
	(No symbol) [0x00A893DD]
	GetHandleVerifier [0x00E2AABD+2539405]
	GetHandleVerifier [0x00E6A78F+2800735]
	GetHandleVerifier [0x00E6456C+2775612]
	GetHandleVerifier [0x00C551E0+616112]
	(No symbol) [0x00B65F8C]
	(No symbol) [0x00B62328]
	(No symbol) [0x00B6240B]
	(No symbol) [0x00B54FF7]
	BaseThreadInitThunk [0x75657BA9+25]
	RtlInitializeExceptionChain [0x76F0C10B+107]
	RtlClearBits [0x76F0C08F+191]
">
      <![CDATA[org.openqa.selenium.SessionNotCreatedException: session not created: This version of ChromeDriver only supports Chrome version 114
Current browser version is 127.0.6533.89 with binary path C:\Program Files\Google\Chrome\Application\chrome.exe
Build info: version: '3.141.59', revision: 'e82be7d358', time: '2018-11-14T08:17:03'
System info: host: 'BLOOMLYNC-QA', ip: '192.168.0.118', os.name: 'Windows 11', os.arch: 'amd64', os.version: '10.0', java.version: '21.0.3'
Driver info: driver.version: ChromeDriver
remote stacktrace: Backtrace:
GetHandleVerifier [0x00BCA813+48355]
(No symbol) [0x00B5C4B1]
(No symbol) [0x00A65358]
(No symbol) [0x00A861AC]
(No symbol) [0x00A81EF3]
(No symbol) [0x00A80579]
(No symbol) [0x00AB0C55]
(No symbol) [0x00AB093C]
(No symbol) [0x00AAA536]
(No symbol) [0x00A882DC]
(No symbol) [0x00A893DD]
GetHandleVerifier [0x00E2AABD+2539405]
GetHandleVerifier [0x00E6A78F+2800735]
GetHandleVerifier [0x00E6456C+2775612]
GetHandleVerifier [0x00C551E0+616112]
(No symbol) [0x00B65F8C]
(No symbol) [0x00B62328]
(No symbol) [0x00B6240B]
(No symbol) [0x00B54FF7]
BaseThreadInitThunk [0x75657BA9+25]
RtlInitializeExceptionChain [0x76F0C10B+107]
RtlClearBits [0x76F0C08F+191]

at org.openqa.selenium.remote.W3CHandshakeResponse.lambda$errorHandler$0(W3CHandshakeResponse.java:62)
at org.openqa.selenium.remote.HandshakeResponse.lambda$getResponseFunction$0(HandshakeResponse.java:30)
at org.openqa.selenium.remote.ProtocolHandshake.lambda$createSession$0(ProtocolHandshake.java:126)
at java.base/java.util.stream.ReferencePipeline$3$1.accept(ReferencePipeline.java:197)
at java.base/java.util.Spliterators$ArraySpliterator.tryAdvance(Spliterators.java:1034)
at java.base/java.util.stream.ReferencePipeline.forEachWithCancel(ReferencePipeline.java:129)
at java.base/java.util.stream.AbstractPipeline.copyIntoWithCancel(AbstractPipeline.java:527)
at java.base/java.util.stream.AbstractPipeline.copyInto(AbstractPipeline.java:513)
at java.base/java.util.stream.AbstractPipeline.wrapAndCopyInto(AbstractPipeline.java:499)
at java.base/java.util.stream.FindOps$FindOp.evaluateSequential(FindOps.java:150)
at java.base/java.util.stream.AbstractPipeline.evaluate(AbstractPipeline.java:234)
at java.base/java.util.stream.ReferencePipeline.findFirst(ReferencePipeline.java:647)
at org.openqa.selenium.remote.ProtocolHandshake.createSession(ProtocolHandshake.java:128)
at org.openqa.selenium.remote.ProtocolHandshake.createSession(ProtocolHandshake.java:74)
at org.openqa.selenium.remote.HttpCommandExecutor.execute(HttpCommandExecutor.java:136)
at org.openqa.selenium.remote.service.DriverCommandExecutor.execute(DriverCommandExecutor.java:83)
at org.openqa.selenium.remote.RemoteWebDriver.execute(RemoteWebDriver.java:552)
at org.openqa.selenium.remote.RemoteWebDriver.startSession(RemoteWebDriver.java:213)
at org.openqa.selenium.remote.RemoteWebDriver.<init>(RemoteWebDriver.java:131)
at org.openqa.selenium.chrome.ChromeDriver.<init>(ChromeDriver.java:181)
at org.openqa.selenium.chrome.ChromeDriver.<init>(ChromeDriver.java:168)
at org.openqa.selenium.chrome.ChromeDriver.<init>(ChromeDriver.java:157)
at tests.BaseTest.initializeDriver(BaseTest.java:28)
at tests.VideoPlatformDolbyBookingTest.setUp(VideoPlatformDolbyBookingTest.java:60)
at java.base/java.util.ArrayList.forEach(ArrayList.java:1596)
at java.base/java.util.concurrent.FutureTask.run(FutureTask.java:317)
at java.base/java.util.concurrent.ThreadPoolExecutor.runWorker(ThreadPoolExecutor.java:1144)
at java.base/java.util.concurrent.ThreadPoolExecutor$Worker.run(ThreadPoolExecutor.java:642)
at java.base/java.lang.Thread.run(Thread.java:1583)
... Removed 17 stack frames]]>
    </failure>
  </testcase> <!-- @BeforeClass setUp -->
  <testcase classname="tests.VideoPlatformDolbyBookingTest" name="@AfterClass tearDown" time="-1.722876627944E9">
    <skipped/>
  </testcase> <!-- @AfterClass tearDown -->
  <testcase classname="tests.VideoPlatformDolbyBookingTest" name="testEncoder" time="0.0">
    <skipped/>
  </testcase> <!-- testEncoder -->
  <testcase classname="tests.VideoPlatformDolbyBookingTest" name="testDecoder" time="0.0">
    <skipped/>
  </testcase> <!-- testDecoder -->
  <testcase classname="tests.VideoPlatformDolbyBookingTest" name="testSource" time="0.0">
    <skipped/>
  </testcase> <!-- testSource -->
  <testcase classname="tests.VideoPlatformDolbyBookingTest" name="testChannel" time="0.0">
    <skipped/>
  </testcase> <!-- testChannel -->
  <testcase classname="tests.VideoPlatformDolbyBookingTest" name="testBooking" time="0.0">
    <skipped/>
  </testcase> <!-- testBooking -->
</testsuite> <!-- DolbyTest -->
