<?xml version="1.0" encoding="UTF-8"?>
<!-- Generated by org.testng.reporters.JUnitReportReporter -->
<testsuite hostname="Bloomlync-Qa" failures="0" tests="2" name="cucumber.TestNGRunner" time="95.228" errors="1" timestamp="2024-08-08T17:43:49 IST" skipped="0">
  <testcase classname="cucumber.TestNGRunner" name="runScenario" time="34.267">
    <error message="element click intercepted: Element &lt;button class=&quot;MuiButtonBase-root MuiButton-root MuiLoadingButton-root MuiButton-contained MuiButton-containedPrimary MuiButton-sizeLarge MuiButton-containedSizeLarge MuiButton-disableElevation MuiButton-fullWidth Mui-disabled css-hxngrt-MuiButtonBase-root-MuiButton-root-MuiLoadingButton-root&quot; tabindex=&quot;-1&quot; type=&quot;submit&quot; id=&quot;:r2q:&quot; disabled=&quot;&quot;&gt;...&lt;/button&gt; is not clickable at point (768, 473). Other element would receive the click: &lt;form novalidate=&quot;&quot;&gt;...&lt;/form&gt;
  (Session info: chrome=127.0.6533.99)
Build info: version: &#039;3.141.59&#039;, revision: &#039;e82be7d358&#039;, time: &#039;2018-11-14T08:17:03&#039;
System info: host: &#039;BLOOMLYNC-QA&#039;, ip: &#039;192.168.0.118&#039;, os.name: &#039;Windows 11&#039;, os.arch: &#039;amd64&#039;, os.version: &#039;10.0&#039;, java.version: &#039;21.0.3&#039;
Driver info: org.openqa.selenium.chrome.ChromeDriver
Capabilities {acceptInsecureCerts: false, browserName: chrome, browserVersion: 127.0.6533.99, chrome: {chromedriverVersion: 126.0.6478.126 (d36ace6122e..., userDataDir: C:\Users\helen\AppData\Loca...}, fedcm:accounts: true, goog:chromeOptions: {debuggerAddress: localhost:62587}, javascriptEnabled: true, networkConnectionEnabled: false, pageLoadStrategy: normal, platform: WINDOWS, platformName: WINDOWS, proxy: Proxy(), setWindowRect: true, strictFileInteractability: false, timeouts: {implicit: 0, pageLoad: 300000, script: 30000}, unhandledPromptBehavior: dismiss and notify, webauthn:extension:credBlob: true, webauthn:extension:largeBlob: true, webauthn:extension:minPinLength: true, webauthn:extension:prf: true, webauthn:virtualAuthenticators: true}
Session ID: ea0002c536f3d65af0b8433d19941111" type="org.openqa.selenium.ElementClickInterceptedException">
      <![CDATA[org.openqa.selenium.ElementClickInterceptedException: element click intercepted: Element <button class="MuiButtonBase-root MuiButton-root MuiLoadingButton-root MuiButton-contained MuiButton-containedPrimary MuiButton-sizeLarge MuiButton-containedSizeLarge MuiButton-disableElevation MuiButton-fullWidth Mui-disabled css-hxngrt-MuiButtonBase-root-MuiButton-root-MuiLoadingButton-root" tabindex="-1" type="submit" id=":r2q:" disabled="">...</button> is not clickable at point (768, 473). Other element would receive the click: <form novalidate="">...</form>
  (Session info: chrome=127.0.6533.99)
Build info: version: '3.141.59', revision: 'e82be7d358', time: '2018-11-14T08:17:03'
System info: host: 'BLOOMLYNC-QA', ip: '192.168.0.118', os.name: 'Windows 11', os.arch: 'amd64', os.version: '10.0', java.version: '21.0.3'
Driver info: org.openqa.selenium.chrome.ChromeDriver
Capabilities {acceptInsecureCerts: false, browserName: chrome, browserVersion: 127.0.6533.99, chrome: {chromedriverVersion: 126.0.6478.126 (d36ace6122e..., userDataDir: C:\Users\helen\AppData\Loca...}, fedcm:accounts: true, goog:chromeOptions: {debuggerAddress: localhost:62587}, javascriptEnabled: true, networkConnectionEnabled: false, pageLoadStrategy: normal, platform: WINDOWS, platformName: WINDOWS, proxy: Proxy(), setWindowRect: true, strictFileInteractability: false, timeouts: {implicit: 0, pageLoad: 300000, script: 30000}, unhandledPromptBehavior: dismiss and notify, webauthn:extension:credBlob: true, webauthn:extension:largeBlob: true, webauthn:extension:minPinLength: true, webauthn:extension:prf: true, webauthn:virtualAuthenticators: true}
Session ID: ea0002c536f3d65af0b8433d19941111
at java.base/jdk.internal.reflect.DirectConstructorHandleAccessor.newInstance(DirectConstructorHandleAccessor.java:62)
at java.base/java.lang.reflect.Constructor.newInstanceWithCaller(Constructor.java:502)
at java.base/java.lang.reflect.Constructor.newInstance(Constructor.java:486)
at org.openqa.selenium.remote.http.W3CHttpResponseCodec.createException(W3CHttpResponseCodec.java:187)
at org.openqa.selenium.remote.http.W3CHttpResponseCodec.decode(W3CHttpResponseCodec.java:122)
at org.openqa.selenium.remote.http.W3CHttpResponseCodec.decode(W3CHttpResponseCodec.java:49)
at org.openqa.selenium.remote.HttpCommandExecutor.execute(HttpCommandExecutor.java:158)
at org.openqa.selenium.remote.service.DriverCommandExecutor.execute(DriverCommandExecutor.java:83)
at org.openqa.selenium.remote.RemoteWebDriver.execute(RemoteWebDriver.java:552)
at org.openqa.selenium.remote.RemoteWebElement.execute(RemoteWebElement.java:285)
at org.openqa.selenium.remote.RemoteWebElement.click(RemoteWebElement.java:84)
at pageObjects.VideoPlatformDolbyBookingPage.updateEncoder(VideoPlatformDolbyBookingPage.java:125)
at tests.DolbyBookingTest.testEncoder(DolbyBookingTest.java:87)
at stepDefinition.stepDefinition.create_encoder_with_display_name_and_id(stepDefinition.java:25)
at âœ½.Create Encoder with DisplayName "Test-06" and ID "Test-06"(file:///C:/SampleWorkspace/1st-prism-web-integration-test/TestNGProject/src/test/java/cucumber/DolbyTest.feature:10)
]]>
    </error>
  </testcase> <!-- runScenario -->
  <system-out/>
  <testcase classname="cucumber.TestNGRunner" name="runScenario" time="60.961"/>
  <system-out/>
</testsuite> <!-- cucumber.TestNGRunner -->
